# JRE version: OpenJDK Runtime Environment (8.0_181-b13) (build 1.8.0_181-b13)
# Java VM: OpenJDK 64-Bit Server VM (25.181-b13 mixed mode linux-amd64 compressed oops)
Heap:
 PSYoungGen      total 109056K, used 7755K [0x00000000ebf80000, 0x00000000f3b80000, 0x0000000100000000)
  eden space 100352K, 0% used [0x00000000ebf80000,0x00000000ebf80000,0x00000000f2180000)
  from space 8704K, 89% used [0x00000000f2180000,0x00000000f2912d48,0x00000000f2a00000)
  to   space 8192K, 0% used [0x00000000f2a00000,0x00000000f2a00000,0x00000000f3200000)
 ParOldGen       total 31744K, used 22920K [0x00000000c3e00000, 0x00000000c5d00000, 0x00000000ebf80000)
  object space 31744K, 72% used [0x00000000c3e00000,0x00000000c5462040,0x00000000c5d00000)
 Metaspace       used 33359K, capacity 34016K, committed 34176K, reserved 1079296K
  class space    used 4308K, capacity 4471K, committed 4480K, reserved 1048576K
GC Heap History (10 events):
Event: 16,164 GC heap after
Heap after GC invocations=11 (full 0):
 PSYoungGen      total 56832K, used 892K [0x00000000ebf80000, 0x00000000f1b80000, 0x0000000100000000)
  eden space 51200K, 0% used [0x00000000ebf80000,0x00000000ebf80000,0x00000000ef180000)
  from space 5632K, 15% used [0x00000000ef180000,0x00000000ef25f180,0x00000000ef700000)
  to   space 6144K, 0% used [0x00000000f1580000,0x00000000f1580000,0x00000000f1b80000)
 ParOldGen       total 42496K, used 13677K [0x00000000c3e00000, 0x00000000c6780000, 0x00000000ebf80000)
  object space 42496K, 32% used [0x00000000c3e00000,0x00000000c4b5b670,0x00000000c6780000)
 Metaspace       used 20723K, capacity 21176K, committed 21248K, reserved 1067008K
  class space    used 2615K, capacity 2766K, committed 2816K, reserved 1048576K
}
Event: 16,164 GC heap before
{Heap before GC invocations=12 (full 1):
 PSYoungGen      total 56832K, used 892K [0x00000000ebf80000, 0x00000000f1b80000, 0x0000000100000000)
  eden space 51200K, 0% used [0x00000000ebf80000,0x00000000ebf80000,0x00000000ef180000)
  from space 5632K, 15% used [0x00000000ef180000,0x00000000ef25f180,0x00000000ef700000)
  to   space 6144K, 0% used [0x00000000f1580000,0x00000000f1580000,0x00000000f1b80000)
 ParOldGen       total 42496K, used 13677K [0x00000000c3e00000, 0x00000000c6780000, 0x00000000ebf80000)
  object space 42496K, 32% used [0x00000000c3e00000,0x00000000c4b5b670,0x00000000c6780000)
 Metaspace       used 20723K, capacity 21176K, committed 21248K, reserved 1067008K
  class space    used 2615K, capacity 2766K, committed 2816K, reserved 1048576K
Event: 16,261 GC heap after
Heap after GC invocations=12 (full 1):
 PSYoungGen      total 56832K, used 0K [0x00000000ebf80000, 0x00000000f1b80000, 0x0000000100000000)
  eden space 51200K, 0% used [0x00000000ebf80000,0x00000000ebf80000,0x00000000ef180000)
  from space 5632K, 0% used [0x00000000ef180000,0x00000000ef180000,0x00000000ef700000)
  to   space 6144K, 0% used [0x00000000f1580000,0x00000000f1580000,0x00000000f1b80000)
 ParOldGen       total 31744K, used 8122K [0x00000000c3e00000, 0x00000000c5d00000, 0x00000000ebf80000)
  object space 31744K, 25% used [0x00000000c3e00000,0x00000000c45eeba0,0x00000000c5d00000)
 Metaspace       used 20723K, capacity 21176K, committed 21248K, reserved 1067008K
  class space    used 2615K, capacity 2766K, committed 2816K, reserved 1048576K
}
Event: 19,102 GC heap before
{Heap before GC invocations=13 (full 1):
 PSYoungGen      total 56832K, used 51200K [0x00000000ebf80000, 0x00000000f1b80000, 0x0000000100000000)
  eden space 51200K, 100% used [0x00000000ebf80000,0x00000000ef180000,0x00000000ef180000)
  from space 5632K, 0% used [0x00000000ef180000,0x00000000ef180000,0x00000000ef700000)
  to   space 6144K, 0% used [0x00000000f1580000,0x00000000f1580000,0x00000000f1b80000)
 ParOldGen       total 31744K, used 8122K [0x00000000c3e00000, 0x00000000c5d00000, 0x00000000ebf80000)
  object space 31744K, 25% used [0x00000000c3e00000,0x00000000c45eeba0,0x00000000c5d00000)
 Metaspace       used 22871K, capacity 23466K, committed 23552K, reserved 1069056K
  class space    used 2896K, capacity 3057K, committed 3072K, reserved 1048576K
Event: 19,109 GC heap after
Heap after GC invocations=13 (full 1):
 PSYoungGen      total 76800K, used 3791K [0x00000000ebf80000, 0x00000000f1980000, 0x0000000100000000)
  eden space 72704K, 0% used [0x00000000ebf80000,0x00000000ebf80000,0x00000000f0680000)
  from space 4096K, 92% used [0x00000000f1580000,0x00000000f1933ce8,0x00000000f1980000)
  to   space 5632K, 0% used [0x00000000f0e80000,0x00000000f0e80000,0x00000000f1400000)
 ParOldGen       total 31744K, used 8130K [0x00000000c3e00000, 0x00000000c5d00000, 0x00000000ebf80000)
  object space 31744K, 25% used [0x00000000c3e00000,0x00000000c45f0ba0,0x00000000c5d00000)
 Metaspace       used 22871K, capacity 23466K, committed 23552K, reserved 1069056K
  class space    used 2896K, capacity 3057K, committed 3072K, reserved 1048576K
}
Event: 48,519 GC heap before
{Heap before GC invocations=14 (full 1):
 PSYoungGen      total 76800K, used 76495K [0x00000000ebf80000, 0x00000000f1980000, 0x0000000100000000)
  eden space 72704K, 100% used [0x00000000ebf80000,0x00000000f0680000,0x00000000f0680000)
  from space 4096K, 92% used [0x00000000f1580000,0x00000000f1933ce8,0x00000000f1980000)
  to   space 5632K, 0% used [0x00000000f0e80000,0x00000000f0e80000,0x00000000f1400000)
 ParOldGen       total 31744K, used 8130K [0x00000000c3e00000, 0x00000000c5d00000, 0x00000000ebf80000)
  object space 31744K, 25% used [0x00000000c3e00000,0x00000000c45f0ba0,0x00000000c5d00000)
 Metaspace       used 26481K, capacity 27036K, committed 27392K, reserved 1073152K
  class space    used 3348K, capacity 3476K, committed 3584K, reserved 1048576K
Event: 48,614 GC heap after
Heap after GC invocations=14 (full 1):
 PSYoungGen      total 86528K, used 5630K [0x00000000ebf80000, 0x00000000f3200000, 0x0000000100000000)
  eden space 80896K, 0% used [0x00000000ebf80000,0x00000000ebf80000,0x00000000f0e80000)
  from space 5632K, 99% used [0x00000000f0e80000,0x00000000f13ffbc0,0x00000000f1400000)
  to   space 8192K, 0% used [0x00000000f2a00000,0x00000000f2a00000,0x00000000f3200000)
 ParOldGen       total 31744K, used 13826K [0x00000000c3e00000, 0x00000000c5d00000, 0x00000000ebf80000)
  object space 31744K, 43% used [0x00000000c3e00000,0x00000000c4b808e8,0x00000000c5d00000)
 Metaspace       used 26481K, capacity 27036K, committed 27392K, reserved 1073152K
  class space    used 3348K, capacity 3476K, committed 3584K, reserved 1048576K
}
Event: 55,380 GC heap before
{Heap before GC invocations=15 (full 1):
 PSYoungGen      total 86528K, used 86526K [0x00000000ebf80000, 0x00000000f3200000, 0x0000000100000000)
  eden space 80896K, 100% used [0x00000000ebf80000,0x00000000f0e80000,0x00000000f0e80000)
  from space 5632K, 99% used [0x00000000f0e80000,0x00000000f13ffbc0,0x00000000f1400000)
  to   space 8192K, 0% used [0x00000000f2a00000,0x00000000f2a00000,0x00000000f3200000)
 ParOldGen       total 31744K, used 13826K [0x00000000c3e00000, 0x00000000c5d00000, 0x00000000ebf80000)
  object space 31744K, 43% used [0x00000000c3e00000,0x00000000c4b808e8,0x00000000c5d00000)
 Metaspace       used 29881K, capacity 30578K, committed 30720K, reserved 1075200K
  class space    used 3837K, capacity 4042K, committed 4096K, reserved 1048576K
Event: 55,400 GC heap after
Heap after GC invocations=15 (full 1):
 PSYoungGen      total 108544K, used 5484K [0x00000000ebf80000, 0x00000000f3b80000, 0x0000000100000000)
  eden space 100352K, 0% used [0x00000000ebf80000,0x00000000ebf80000,0x00000000f2180000)
  from space 8192K, 66% used [0x00000000f2a00000,0x00000000f2f5b0f8,0x00000000f3200000)
  to   space 8704K, 0% used [0x00000000f2180000,0x00000000f2180000,0x00000000f2a00000)
 ParOldGen       total 31744K, used 19385K [0x00000000c3e00000, 0x00000000c5d00000, 0x00000000ebf80000)
  object space 31744K, 61% used [0x00000000c3e00000,0x00000000c50ee6b8,0x00000000c5d00000)
 Metaspace       used 29881K, capacity 30578K, committed 30720K, reserved 1075200K
  class space    used 3837K, capacity 4042K, committed 4096K, reserved 1048576K
}
Event: 106,885 GC heap before
{Heap before GC invocations=16 (full 1):
 PSYoungGen      total 108544K, used 105836K [0x00000000ebf80000, 0x00000000f3b80000, 0x0000000100000000)
  eden space 100352K, 100% used [0x00000000ebf80000,0x00000000f2180000,0x00000000f2180000)
  from space 8192K, 66% used [0x00000000f2a00000,0x00000000f2f5b0f8,0x00000000f3200000)
  to   space 8704K, 0% used [0x00000000f2180000,0x00000000f2180000,0x00000000f2a00000)
 ParOldGen       total 31744K, used 19385K [0x00000000c3e00000, 0x00000000c5d00000, 0x00000000ebf80000)
  object space 31744K, 61% used [0x00000000c3e00000,0x00000000c50ee6b8,0x00000000c5d00000)
 Metaspace       used 33359K, capacity 34016K, committed 34176K, reserved 1079296K
  class space    used 4308K, capacity 4471K, committed 4480K, reserved 1048576K

